<?xml version="1.0" encoding="UTF-8"?>
<coverage generated="1640182553523" clover="3.2.0">
  <project timestamp="1640182553523" name="All files">
    <metrics statements="39" coveredstatements="6" conditionals="7" coveredconditionals="0" methods="23" coveredmethods="2" elements="69" coveredelements="8" complexity="0" loc="39" ncloc="39" packages="1" files="4" classes="4"/>
    <file name="comment.js" path="/home/anselemcodes/Documents/MazeFlix/src/comment.js">
      <metrics statements="7" coveredstatements="2" conditionals="0" coveredconditionals="0" methods="2" coveredmethods="0"/>
      <line num="4" count="1" type="stmt"/>
      <line num="6" count="1" type="stmt"/>
      <line num="9" count="0" type="stmt"/>
      <line num="15" count="0" type="stmt"/>
      <line num="16" count="0" type="stmt"/>
      <line num="20" count="0" type="stmt"/>
      <line num="21" count="0" type="stmt"/>
    </file>
    <file name="fetchWrapper.js" path="/home/anselemcodes/Documents/MazeFlix/src/fetchWrapper.js">
      <metrics statements="5" coveredstatements="1" conditionals="0" coveredconditionals="0" methods="3" coveredmethods="1"/>
      <line num="6" count="2" type="stmt"/>
      <line num="15" count="0" type="stmt"/>
      <line num="16" count="0" type="stmt"/>
      <line num="26" count="0" type="stmt"/>
      <line num="33" count="0" type="stmt"/>
    </file>
    <file name="likes.js" path="/home/anselemcodes/Documents/MazeFlix/src/likes.js">
      <metrics statements="12" coveredstatements="2" conditionals="4" coveredconditionals="0" methods="5" coveredmethods="0"/>
      <line num="7" count="1" type="stmt"/>
      <line num="9" count="1" type="stmt"/>
      <line num="18" count="0" type="stmt"/>
      <line num="21" count="0" type="stmt"/>
      <line num="22" count="0" type="stmt"/>
      <line num="31" count="0" type="stmt"/>
      <line num="32" count="0" type="stmt"/>
      <line num="42" count="0" type="stmt"/>
      <line num="43" count="0" type="cond" truecount="0" falsecount="2"/>
      <line num="44" count="0" type="stmt"/>
      <line num="54" count="0" type="stmt"/>
      <line num="55" count="0" type="stmt"/>
    </file>
    <file name="utils.js" path="/home/anselemcodes/Documents/MazeFlix/src/utils.js">
      <metrics statements="15" coveredstatements="1" conditionals="3" coveredconditionals="0" methods="13" coveredmethods="1"/>
      <line num="12" count="0" type="stmt"/>
      <line num="13" count="0" type="stmt"/>
      <line num="14" count="0" type="stmt"/>
      <line num="25" count="0" type="stmt"/>
      <line num="35" count="1" type="stmt"/>
      <line num="44" count="0" type="stmt"/>
      <line num="45" count="0" type="stmt"/>
      <line num="53" count="0" type="stmt"/>
      <line num="54" count="0" type="stmt"/>
      <line num="55" count="0" type="stmt"/>
      <line num="56" count="0" type="cond" truecount="0" falsecount="2"/>
      <line num="67" count="0" type="stmt"/>
      <line num="68" count="0" type="stmt"/>
      <line num="72" count="0" type="stmt"/>
      <line num="73" count="0" type="stmt"/>
    </file>
  </project>
</coverage>
