{"/home/anselemcodes/Documents/MazeFlix/src/comment.js": {"path":"/home/anselemcodes/Documents/MazeFlix/src/comment.js","statementMap":{"0":{"start":{"line":4,"column":16},"end":{"line":4,"column":103}},"1":{"start":{"line":6,"column":18},"end":{"line":6,"column":40}},"2":{"start":{"line":9,"column":17},"end":{"line":13,"column":5}},"3":{"start":{"line":15,"column":21},"end":{"line":15,"column":85}},"4":{"start":{"line":16,"column":4},"end":{"line":16,"column":20}},"5":{"start":{"line":20,"column":17},"end":{"line":20,"column":88}},"6":{"start":{"line":21,"column":4},"end":{"line":21,"column":16}}},"fnMap":{"0":{"name":"(anonymous_0)","decl":{"start":{"line":8,"column":2},"end":{"line":8,"column":3}},"loc":{"start":{"line":8,"column":46},"end":{"line":17,"column":3}},"line":8},"1":{"name":"(anonymous_1)","decl":{"start":{"line":19,"column":2},"end":{"line":19,"column":3}},"loc":{"start":{"line":19,"column":33},"end":{"line":22,"column":3}},"line":19}},"branchMap":{},"s":{"0":1,"1":1,"2":0,"3":0,"4":0,"5":0,"6":0},"f":{"0":0,"1":0},"b":{},"_coverageSchema":"1a1c01bbd47fc00a2c39e90264f33305004495a9","hash":"2c303b946055a5b0a600e900ac4cefb1560aef0f"}
,"/home/anselemcodes/Documents/MazeFlix/src/fetchWrapper.js": {"path":"/home/anselemcodes/Documents/MazeFlix/src/fetchWrapper.js","statementMap":{"0":{"start":{"line":6,"column":4},"end":{"line":6,"column":27}},"1":{"start":{"line":15,"column":21},"end":{"line":15,"column":57}},"2":{"start":{"line":16,"column":4},"end":{"line":16,"column":27}},"3":{"start":{"line":26,"column":21},"end":{"line":32,"column":6}},"4":{"start":{"line":33,"column":4},"end":{"line":33,"column":23}}},"fnMap":{"0":{"name":"(anonymous_0)","decl":{"start":{"line":5,"column":2},"end":{"line":5,"column":3}},"loc":{"start":{"line":5,"column":23},"end":{"line":7,"column":3}},"line":5},"1":{"name":"(anonymous_1)","decl":{"start":{"line":14,"column":2},"end":{"line":14,"column":3}},"loc":{"start":{"line":14,"column":22},"end":{"line":17,"column":3}},"line":14},"2":{"name":"(anonymous_2)","decl":{"start":{"line":25,"column":2},"end":{"line":25,"column":3}},"loc":{"start":{"line":25,"column":29},"end":{"line":34,"column":3}},"line":25}},"branchMap":{},"s":{"0":2,"1":0,"2":0,"3":0,"4":0},"f":{"0":2,"1":0,"2":0},"b":{},"_coverageSchema":"1a1c01bbd47fc00a2c39e90264f33305004495a9","hash":"721c9250e6ffb7620d13336b7305a353a226a0c1"}
,"/home/anselemcodes/Documents/MazeFlix/src/likes.js": {"path":"/home/anselemcodes/Documents/MazeFlix/src/likes.js","statementMap":{"0":{"start":{"line":7,"column":16},"end":{"line":7,"column":103}},"1":{"start":{"line":9,"column":18},"end":{"line":9,"column":40}},"2":{"start":{"line":18,"column":17},"end":{"line":20,"column":5}},"3":{"start":{"line":21,"column":21},"end":{"line":21,"column":79}},"4":{"start":{"line":22,"column":4},"end":{"line":22,"column":20}},"5":{"start":{"line":31,"column":21},"end":{"line":31,"column":72}},"6":{"start":{"line":32,"column":4},"end":{"line":32,"column":20}},"7":{"start":{"line":42,"column":19},"end":{"line":42,"column":44}},"8":{"start":{"line":43,"column":22},"end":{"line":43,"column":86}},"9":{"start":{"line":43,"column":50},"end":{"line":43,"column":69}},"10":{"start":{"line":44,"column":4},"end":{"line":44,"column":17}},"11":{"start":{"line":54,"column":18},"end":{"line":54,"column":45}},"12":{"start":{"line":55,"column":4},"end":{"line":55,"column":27}}},"fnMap":{"0":{"name":"(anonymous_0)","decl":{"start":{"line":17,"column":2},"end":{"line":17,"column":3}},"loc":{"start":{"line":17,"column":38},"end":{"line":23,"column":3}},"line":17},"1":{"name":"(anonymous_1)","decl":{"start":{"line":30,"column":2},"end":{"line":30,"column":3}},"loc":{"start":{"line":30,"column":29},"end":{"line":33,"column":3}},"line":30},"2":{"name":"(anonymous_2)","decl":{"start":{"line":41,"column":2},"end":{"line":41,"column":3}},"loc":{"start":{"line":41,"column":31},"end":{"line":45,"column":3}},"line":41},"3":{"name":"(anonymous_3)","decl":{"start":{"line":43,"column":40},"end":{"line":43,"column":41}},"loc":{"start":{"line":43,"column":50},"end":{"line":43,"column":69}},"line":43},"4":{"name":"(anonymous_4)","decl":{"start":{"line":53,"column":2},"end":{"line":53,"column":3}},"loc":{"start":{"line":53,"column":46},"end":{"line":56,"column":3}},"line":53}},"branchMap":{"0":{"loc":{"start":{"line":17,"column":25},"end":{"line":17,"column":36}},"type":"default-arg","locations":[{"start":{"line":17,"column":34},"end":{"line":17,"column":36}}],"line":17},"1":{"loc":{"start":{"line":43,"column":22},"end":{"line":43,"column":86}},"type":"binary-expr","locations":[{"start":{"line":43,"column":22},"end":{"line":43,"column":70}},{"start":{"line":43,"column":74},"end":{"line":43,"column":86}}],"line":43},"2":{"loc":{"start":{"line":53,"column":27},"end":{"line":53,"column":38}},"type":"default-arg","locations":[{"start":{"line":53,"column":36},"end":{"line":53,"column":38}}],"line":53}},"s":{"0":1,"1":1,"2":0,"3":0,"4":0,"5":0,"6":0,"7":0,"8":0,"9":0,"10":0,"11":0,"12":0},"f":{"0":0,"1":0,"2":0,"3":0,"4":0},"b":{"0":[0],"1":[0,0],"2":[0]},"_coverageSchema":"1a1c01bbd47fc00a2c39e90264f33305004495a9","hash":"717666e5fb57f28faa9b84689e1287b28ccfb704"}
,"/home/anselemcodes/Documents/MazeFlix/src/utils.js": {"path":"/home/anselemcodes/Documents/MazeFlix/src/utils.js","statementMap":{"0":{"start":{"line":12,"column":4},"end":{"line":15,"column":16}},"1":{"start":{"line":13,"column":18},"end":{"line":13,"column":30}},"2":{"start":{"line":14,"column":6},"end":{"line":14,"column":17}},"3":{"start":{"line":25,"column":4},"end":{"line":25,"column":94}},"4":{"start":{"line":35,"column":4},"end":{"line":35,"column":23}},"5":{"start":{"line":44,"column":16},"end":{"line":44,"column":41}},"6":{"start":{"line":45,"column":4},"end":{"line":45,"column":35}},"7":{"start":{"line":45,"column":29},"end":{"line":45,"column":33}},"8":{"start":{"line":53,"column":18},"end":{"line":53,"column":44}},"9":{"start":{"line":54,"column":4},"end":{"line":57,"column":7}},"10":{"start":{"line":55,"column":17},"end":{"line":55,"column":71}},"11":{"start":{"line":55,"column":38},"end":{"line":55,"column":70}},"12":{"start":{"line":56,"column":6},"end":{"line":56,"column":38}},"13":{"start":{"line":67,"column":4},"end":{"line":67,"column":29}},"14":{"start":{"line":68,"column":4},"end":{"line":68,"column":55}},"15":{"start":{"line":68,"column":21},"end":{"line":68,"column":48}},"16":{"start":{"line":72,"column":16},"end":{"line":72,"column":48}},"17":{"start":{"line":73,"column":4},"end":{"line":73,"column":35}},"18":{"start":{"line":73,"column":29},"end":{"line":73,"column":33}}},"fnMap":{"0":{"name":"(anonymous_0)","decl":{"start":{"line":11,"column":2},"end":{"line":11,"column":3}},"loc":{"start":{"line":11,"column":39},"end":{"line":16,"column":3}},"line":11},"1":{"name":"(anonymous_1)","decl":{"start":{"line":12,"column":68},"end":{"line":12,"column":69}},"loc":{"start":{"line":12,"column":80},"end":{"line":15,"column":5}},"line":12},"2":{"name":"(anonymous_2)","decl":{"start":{"line":24,"column":2},"end":{"line":24,"column":3}},"loc":{"start":{"line":24,"column":43},"end":{"line":26,"column":3}},"line":24},"3":{"name":"(anonymous_3)","decl":{"start":{"line":34,"column":2},"end":{"line":34,"column":3}},"loc":{"start":{"line":34,"column":24},"end":{"line":36,"column":3}},"line":34},"4":{"name":"(anonymous_4)","decl":{"start":{"line":43,"column":2},"end":{"line":43,"column":3}},"loc":{"start":{"line":43,"column":30},"end":{"line":46,"column":3}},"line":43},"5":{"name":"(anonymous_5)","decl":{"start":{"line":45,"column":19},"end":{"line":45,"column":20}},"loc":{"start":{"line":45,"column":29},"end":{"line":45,"column":33}},"line":45},"6":{"name":"(anonymous_6)","decl":{"start":{"line":52,"column":2},"end":{"line":52,"column":3}},"loc":{"start":{"line":52,"column":26},"end":{"line":58,"column":3}},"line":52},"7":{"name":"(anonymous_7)","decl":{"start":{"line":54,"column":52},"end":{"line":54,"column":53}},"loc":{"start":{"line":54,"column":62},"end":{"line":57,"column":5}},"line":54},"8":{"name":"(anonymous_8)","decl":{"start":{"line":55,"column":28},"end":{"line":55,"column":29}},"loc":{"start":{"line":55,"column":38},"end":{"line":55,"column":70}},"line":55},"9":{"name":"(anonymous_9)","decl":{"start":{"line":66,"column":2},"end":{"line":66,"column":3}},"loc":{"start":{"line":66,"column":30},"end":{"line":69,"column":3}},"line":66},"10":{"name":"(anonymous_10)","decl":{"start":{"line":68,"column":15},"end":{"line":68,"column":16}},"loc":{"start":{"line":68,"column":21},"end":{"line":68,"column":48}},"line":68},"11":{"name":"(anonymous_11)","decl":{"start":{"line":71,"column":2},"end":{"line":71,"column":3}},"loc":{"start":{"line":71,"column":35},"end":{"line":74,"column":3}},"line":71},"12":{"name":"(anonymous_12)","decl":{"start":{"line":73,"column":19},"end":{"line":73,"column":20}},"loc":{"start":{"line":73,"column":29},"end":{"line":73,"column":33}},"line":73}},"branchMap":{"0":{"loc":{"start":{"line":11,"column":22},"end":{"line":11,"column":31}},"type":"default-arg","locations":[{"start":{"line":11,"column":29},"end":{"line":11,"column":31}}],"line":11},"1":{"loc":{"start":{"line":56,"column":23},"end":{"line":56,"column":37}},"type":"binary-expr","locations":[{"start":{"line":56,"column":23},"end":{"line":56,"column":32}},{"start":{"line":56,"column":36},"end":{"line":56,"column":37}}],"line":56}},"s":{"0":0,"1":0,"2":0,"3":0,"4":1,"5":0,"6":0,"7":0,"8":0,"9":0,"10":0,"11":0,"12":0,"13":0,"14":0,"15":0,"16":0,"17":0,"18":0},"f":{"0":0,"1":0,"2":0,"3":1,"4":0,"5":0,"6":0,"7":0,"8":0,"9":0,"10":0,"11":0,"12":0},"b":{"0":[0],"1":[0,0]},"_coverageSchema":"1a1c01bbd47fc00a2c39e90264f33305004495a9","hash":"baf4b3da1e1f008c46d0acd5a6da5c9bc5182f3f"}
}
